\BOOKMARK [1][-]{Doc-Start}{\376\377\000P\000r\000e\000a\000m\000b\000l\000e}{}% 1
\BOOKMARK [1][-]{Doc-Start}{\376\377\000M\000e\000c\000h\000a\000n\000i\000c\000a\000l\000\040\000S\000u\000b\000s\000y\000s\000t\000e\000m\000s}{}% 2
\BOOKMARK [2][-]{section*.1}{\376\377\000R\000o\000o\000m\000b\000a\000\040\000B\000o\000t}{Doc-Start}% 3
\BOOKMARK [2][-]{section*.1}{\376\377\000H\000o\000u\000s\000e\000\040\000B\000o\000t\000\040\000S\000t\000r\000u\000c\000t\000u\000r\000e}{Doc-Start}% 4
\BOOKMARK [2][-]{section*.1}{\376\377\000E\000l\000e\000c\000t\000r\000o\000n\000i\000c\000s\000\040\000C\000l\000o\000s\000u\000r\000e}{Doc-Start}% 5
\BOOKMARK [2][-]{section*.1}{\376\377\000V\000a\000c\000u\000u\000m\000\040\000S\000y\000s\000t\000e\000m}{Doc-Start}% 6
\BOOKMARK [2][-]{section*.1}{\376\377\000B\000a\000l\000l\000\040\000S\000o\000r\000t\000i\000n\000g\000\040\000S\000y\000s\000t\000e\000m}{Doc-Start}% 7
\BOOKMARK [1][-]{section*.1}{\376\377\000E\000l\000e\000c\000t\000r\000o\000n\000i\000c\000\040\000S\000u\000b\000s\000y\000s\000t\000e\000m\000s}{}% 8
\BOOKMARK [2][-]{section*.2}{\376\377\000A\000r\000d\000u\000i\000n\000o}{section*.1}% 9
\BOOKMARK [2][-]{section*.2}{\376\377\000V\000a\000c\000u\000u\000m\000\040\000M\000o\000t\000o\000r\000\040\000S\000y\000s\000t\000e\000m}{section*.1}% 10
\BOOKMARK [1][-]{section*.2}{\376\377\000C\000o\000d\000e\000-\000b\000a\000s\000e}{}% 11
\BOOKMARK [2][-]{section*.3}{\376\377\000R\000o\000o\000m\000b\000a\000\040\000M\000o\000t\000o\000r\000\040\000L\000i\000b\000r\000a\000r\000y}{section*.2}% 12
\BOOKMARK [2][-]{section*.3}{\376\377\000V\000a\000c\000u\000u\000m\000\040\000M\000o\000t\000o\000r\000\040\000L\000i\000b\000r\000a\000r\000y}{section*.2}% 13
\BOOKMARK [2][-]{section*.3}{\376\377\000B\000o\000n\000k\000\040\000M\000o\000t\000o\000r}{section*.2}% 14
\BOOKMARK [2][-]{section*.3}{\376\377\000D\000e\000b\000u\000g\000\137\000d\000i\000s\000p\000l\000a\000y}{section*.2}% 15
\BOOKMARK [2][-]{section*.3}{\376\377\000G\000y\000r\000o}{section*.2}% 16
\BOOKMARK [2][-]{section*.3}{\376\377\000P\000i\000x\000y\000\137\0002}{section*.2}% 17
\BOOKMARK [2][-]{section*.3}{\376\377\000D\000i\000s\000t\000a\000n\000c\000e\000\040\000S\000e\000n\000s\000o\000r}{section*.2}% 18
\BOOKMARK [1][-]{section*.3}{\376\377\000T\000h\000o\000u\000g\000h\000t\000s\000\040\000o\000n\000\040\000P\000r\000o\000g\000r\000e\000s\000s}{}% 19
\BOOKMARK [1][-]{section*.3}{\376\377\000L\000o\000o\000k\000i\000n\000g\000\040\000F\000o\000r\000w\000a\000r\000d}{}% 20
